2023-02-11 20:09:30,974 - INFO - main.py - Login service started
2023-02-11 20:09:52,296 - DEBUG - multipart.py - Calling on_part_begin with no data
2023-02-11 20:09:52,297 - DEBUG - multipart.py - Calling on_header_field with data[54:73]
2023-02-11 20:09:52,297 - DEBUG - multipart.py - Calling on_header_value with data[75:101]
2023-02-11 20:09:52,297 - DEBUG - multipart.py - Calling on_header_end with no data
2023-02-11 20:09:52,297 - DEBUG - multipart.py - Calling on_headers_finished with no data
2023-02-11 20:09:52,297 - DEBUG - multipart.py - Calling on_part_data with data[105:119]
2023-02-11 20:09:52,297 - DEBUG - multipart.py - Calling on_part_end with no data
2023-02-11 20:09:52,297 - DEBUG - multipart.py - Calling on_part_begin with no data
2023-02-11 20:09:52,297 - DEBUG - multipart.py - Calling on_header_field with data[175:194]
2023-02-11 20:09:52,297 - DEBUG - multipart.py - Calling on_header_value with data[196:222]
2023-02-11 20:09:52,297 - DEBUG - multipart.py - Calling on_header_end with no data
2023-02-11 20:09:52,298 - DEBUG - multipart.py - Calling on_headers_finished with no data
2023-02-11 20:09:52,298 - DEBUG - multipart.py - Calling on_part_data with data[226:231]
2023-02-11 20:09:52,298 - DEBUG - multipart.py - Calling on_part_end with no data
2023-02-11 20:09:52,298 - DEBUG - multipart.py - Calling on_end with no data
2023-02-11 20:13:06,940 - INFO - main.py - Login service started
2023-02-11 20:13:09,585 - DEBUG - multipart.py - Calling on_part_begin with no data
2023-02-11 20:13:09,586 - DEBUG - multipart.py - Calling on_header_field with data[54:73]
2023-02-11 20:13:09,586 - DEBUG - multipart.py - Calling on_header_value with data[75:101]
2023-02-11 20:13:09,586 - DEBUG - multipart.py - Calling on_header_end with no data
2023-02-11 20:13:09,586 - DEBUG - multipart.py - Calling on_headers_finished with no data
2023-02-11 20:13:09,586 - DEBUG - multipart.py - Calling on_part_data with data[105:119]
2023-02-11 20:13:09,587 - DEBUG - multipart.py - Calling on_part_end with no data
2023-02-11 20:13:09,587 - DEBUG - multipart.py - Calling on_part_begin with no data
2023-02-11 20:13:09,587 - DEBUG - multipart.py - Calling on_header_field with data[175:194]
2023-02-11 20:13:09,587 - DEBUG - multipart.py - Calling on_header_value with data[196:222]
2023-02-11 20:13:09,587 - DEBUG - multipart.py - Calling on_header_end with no data
2023-02-11 20:13:09,587 - DEBUG - multipart.py - Calling on_headers_finished with no data
2023-02-11 20:13:09,587 - DEBUG - multipart.py - Calling on_part_data with data[226:231]
2023-02-11 20:13:09,588 - DEBUG - multipart.py - Calling on_part_end with no data
2023-02-11 20:13:09,588 - DEBUG - multipart.py - Calling on_end with no data
2023-02-11 20:13:25,926 - INFO - main.py - Login service started
2023-02-11 20:13:28,247 - DEBUG - multipart.py - Calling on_part_begin with no data
2023-02-11 20:13:28,248 - DEBUG - multipart.py - Calling on_header_field with data[54:73]
2023-02-11 20:13:28,248 - DEBUG - multipart.py - Calling on_header_value with data[75:101]
2023-02-11 20:13:28,248 - DEBUG - multipart.py - Calling on_header_end with no data
2023-02-11 20:13:28,248 - DEBUG - multipart.py - Calling on_headers_finished with no data
2023-02-11 20:13:28,248 - DEBUG - multipart.py - Calling on_part_data with data[105:119]
2023-02-11 20:13:28,248 - DEBUG - multipart.py - Calling on_part_end with no data
2023-02-11 20:13:28,249 - DEBUG - multipart.py - Calling on_part_begin with no data
2023-02-11 20:13:28,249 - DEBUG - multipart.py - Calling on_header_field with data[175:194]
2023-02-11 20:13:28,249 - DEBUG - multipart.py - Calling on_header_value with data[196:222]
2023-02-11 20:13:28,249 - DEBUG - multipart.py - Calling on_header_end with no data
2023-02-11 20:13:28,249 - DEBUG - multipart.py - Calling on_headers_finished with no data
2023-02-11 20:13:28,249 - DEBUG - multipart.py - Calling on_part_data with data[226:231]
2023-02-11 20:13:28,249 - DEBUG - multipart.py - Calling on_part_end with no data
2023-02-11 20:13:28,249 - DEBUG - multipart.py - Calling on_end with no data
2023-02-11 20:16:13,617 - INFO - main.py - Login service started
2023-02-11 20:16:30,164 - INFO - main.py - Login service started
2023-02-11 20:16:31,733 - DEBUG - multipart.py - Calling on_part_begin with no data
2023-02-11 20:16:31,734 - DEBUG - multipart.py - Calling on_header_field with data[54:73]
2023-02-11 20:16:31,734 - DEBUG - multipart.py - Calling on_header_value with data[75:101]
2023-02-11 20:16:31,734 - DEBUG - multipart.py - Calling on_header_end with no data
2023-02-11 20:16:31,734 - DEBUG - multipart.py - Calling on_headers_finished with no data
2023-02-11 20:16:31,734 - DEBUG - multipart.py - Calling on_part_data with data[105:119]
2023-02-11 20:16:31,734 - DEBUG - multipart.py - Calling on_part_end with no data
2023-02-11 20:16:31,734 - DEBUG - multipart.py - Calling on_part_begin with no data
2023-02-11 20:16:31,734 - DEBUG - multipart.py - Calling on_header_field with data[175:194]
2023-02-11 20:16:31,734 - DEBUG - multipart.py - Calling on_header_value with data[196:222]
2023-02-11 20:16:31,734 - DEBUG - multipart.py - Calling on_header_end with no data
2023-02-11 20:16:31,734 - DEBUG - multipart.py - Calling on_headers_finished with no data
2023-02-11 20:16:31,734 - DEBUG - multipart.py - Calling on_part_data with data[226:231]
2023-02-11 20:16:31,734 - DEBUG - multipart.py - Calling on_part_end with no data
2023-02-11 20:16:31,735 - DEBUG - multipart.py - Calling on_end with no data
2023-02-11 20:16:47,655 - INFO - main.py - Login service started
2023-02-11 20:16:50,507 - DEBUG - multipart.py - Calling on_part_begin with no data
2023-02-11 20:16:50,507 - DEBUG - multipart.py - Calling on_header_field with data[54:73]
2023-02-11 20:16:50,507 - DEBUG - multipart.py - Calling on_header_value with data[75:101]
2023-02-11 20:16:50,507 - DEBUG - multipart.py - Calling on_header_end with no data
2023-02-11 20:16:50,507 - DEBUG - multipart.py - Calling on_headers_finished with no data
2023-02-11 20:16:50,507 - DEBUG - multipart.py - Calling on_part_data with data[105:119]
2023-02-11 20:16:50,508 - DEBUG - multipart.py - Calling on_part_end with no data
2023-02-11 20:16:50,508 - DEBUG - multipart.py - Calling on_part_begin with no data
2023-02-11 20:16:50,508 - DEBUG - multipart.py - Calling on_header_field with data[175:194]
2023-02-11 20:16:50,508 - DEBUG - multipart.py - Calling on_header_value with data[196:222]
2023-02-11 20:16:50,508 - DEBUG - multipart.py - Calling on_header_end with no data
2023-02-11 20:16:50,508 - DEBUG - multipart.py - Calling on_headers_finished with no data
2023-02-11 20:16:50,508 - DEBUG - multipart.py - Calling on_part_data with data[226:231]
2023-02-11 20:16:50,508 - DEBUG - multipart.py - Calling on_part_end with no data
2023-02-11 20:16:50,509 - DEBUG - multipart.py - Calling on_end with no data
2023-02-11 20:18:35,377 - INFO - main.py - Login service started
2023-02-11 20:18:46,157 - INFO - main.py - Login service started
2023-02-11 20:22:37,480 - INFO - main.py - Login service started
2023-02-11 20:23:06,727 - DEBUG - multipart.py - Calling on_part_begin with no data
2023-02-11 20:23:06,728 - DEBUG - multipart.py - Calling on_header_field with data[54:73]
2023-02-11 20:23:06,728 - DEBUG - multipart.py - Calling on_header_value with data[75:101]
2023-02-11 20:23:06,728 - DEBUG - multipart.py - Calling on_header_end with no data
2023-02-11 20:23:06,728 - DEBUG - multipart.py - Calling on_headers_finished with no data
2023-02-11 20:23:06,728 - DEBUG - multipart.py - Calling on_part_data with data[105:117]
2023-02-11 20:23:06,728 - DEBUG - multipart.py - Calling on_part_end with no data
2023-02-11 20:23:06,728 - DEBUG - multipart.py - Calling on_part_begin with no data
2023-02-11 20:23:06,728 - DEBUG - multipart.py - Calling on_header_field with data[173:192]
2023-02-11 20:23:06,729 - DEBUG - multipart.py - Calling on_header_value with data[194:220]
2023-02-11 20:23:06,729 - DEBUG - multipart.py - Calling on_header_end with no data
2023-02-11 20:23:06,729 - DEBUG - multipart.py - Calling on_headers_finished with no data
2023-02-11 20:23:06,729 - DEBUG - multipart.py - Calling on_part_data with data[224:229]
2023-02-11 20:23:06,729 - DEBUG - multipart.py - Calling on_part_end with no data
2023-02-11 20:23:06,729 - DEBUG - multipart.py - Calling on_end with no data
2023-02-11 20:23:06,785 - INFO - base.py - select pg_catalog.version()
2023-02-11 20:23:06,785 - INFO - base.py - [raw sql] {}
2023-02-11 20:23:06,788 - INFO - base.py - select current_schema()
2023-02-11 20:23:06,788 - INFO - base.py - [raw sql] {}
2023-02-11 20:23:06,789 - INFO - base.py - show standard_conforming_strings
2023-02-11 20:23:06,789 - INFO - base.py - [raw sql] {}
2023-02-11 20:23:06,790 - INFO - base.py - BEGIN (implicit)
2023-02-11 20:23:06,792 - INFO - base.py - SELECT customer.id AS customer_id, customer.firstname AS customer_firstname, customer.lastname AS customer_lastname, customer.email AS customer_email, customer.password AS customer_password, customer.created_at AS customer_created_at 
FROM customer 
WHERE customer.email = %(email_1)s 
 LIMIT %(param_1)s
2023-02-11 20:23:06,793 - INFO - base.py - [generated in 0.00020s] {'email_1': 'hello@tcd.ie', 'param_1': 1}
2023-02-11 20:23:06,795 - INFO - base.py - ROLLBACK
2023-02-11 20:23:18,646 - INFO - main.py - Login service started
2023-02-11 20:23:20,155 - DEBUG - multipart.py - Calling on_part_begin with no data
2023-02-11 20:23:20,155 - DEBUG - multipart.py - Calling on_header_field with data[54:73]
2023-02-11 20:23:20,155 - DEBUG - multipart.py - Calling on_header_value with data[75:101]
2023-02-11 20:23:20,155 - DEBUG - multipart.py - Calling on_header_end with no data
2023-02-11 20:23:20,155 - DEBUG - multipart.py - Calling on_headers_finished with no data
2023-02-11 20:23:20,155 - DEBUG - multipart.py - Calling on_part_data with data[105:117]
2023-02-11 20:23:20,155 - DEBUG - multipart.py - Calling on_part_end with no data
2023-02-11 20:23:20,155 - DEBUG - multipart.py - Calling on_part_begin with no data
2023-02-11 20:23:20,155 - DEBUG - multipart.py - Calling on_header_field with data[173:192]
2023-02-11 20:23:20,155 - DEBUG - multipart.py - Calling on_header_value with data[194:220]
2023-02-11 20:23:20,155 - DEBUG - multipart.py - Calling on_header_end with no data
2023-02-11 20:23:20,156 - DEBUG - multipart.py - Calling on_headers_finished with no data
2023-02-11 20:23:20,156 - DEBUG - multipart.py - Calling on_part_data with data[224:229]
2023-02-11 20:23:20,156 - DEBUG - multipart.py - Calling on_part_end with no data
2023-02-11 20:23:20,156 - DEBUG - multipart.py - Calling on_end with no data
2023-02-11 20:23:20,183 - INFO - base.py - select pg_catalog.version()
2023-02-11 20:23:20,183 - INFO - base.py - [raw sql] {}
2023-02-11 20:23:20,185 - INFO - base.py - select current_schema()
2023-02-11 20:23:20,186 - INFO - base.py - [raw sql] {}
2023-02-11 20:23:20,186 - INFO - base.py - show standard_conforming_strings
2023-02-11 20:23:20,186 - INFO - base.py - [raw sql] {}
2023-02-11 20:23:20,187 - INFO - base.py - BEGIN (implicit)
2023-02-11 20:23:20,188 - INFO - base.py - SELECT customer.id AS customer_id, customer.firstname AS customer_firstname, customer.lastname AS customer_lastname, customer.email AS customer_email, customer.password AS customer_password, customer.created_at AS customer_created_at 
FROM customer 
WHERE customer.email = %(email_1)s 
 LIMIT %(param_1)s
2023-02-11 20:23:20,188 - INFO - base.py - [generated in 0.00022s] {'email_1': 'hello@tcd.ie', 'param_1': 1}
2023-02-11 20:23:20,191 - INFO - base.py - ROLLBACK
2023-02-11 20:26:32,815 - INFO - main.py - Login service started
2023-02-11 20:28:03,961 - INFO - main.py - Login service started
2023-02-11 20:30:22,033 - INFO - main.py - Login service started
2023-02-11 20:30:49,103 - INFO - main.py - Login service started
2023-02-11 20:31:14,727 - DEBUG - multipart.py - Calling on_part_begin with no data
2023-02-11 20:31:14,727 - DEBUG - multipart.py - Calling on_header_field with data[54:73]
2023-02-11 20:31:14,727 - DEBUG - multipart.py - Calling on_header_value with data[75:101]
2023-02-11 20:31:14,728 - DEBUG - multipart.py - Calling on_header_end with no data
2023-02-11 20:31:14,728 - DEBUG - multipart.py - Calling on_headers_finished with no data
2023-02-11 20:31:14,728 - DEBUG - multipart.py - Calling on_part_data with data[105:118]
2023-02-11 20:31:14,728 - DEBUG - multipart.py - Calling on_part_end with no data
2023-02-11 20:31:14,728 - DEBUG - multipart.py - Calling on_part_begin with no data
2023-02-11 20:31:14,728 - DEBUG - multipart.py - Calling on_header_field with data[174:193]
2023-02-11 20:31:14,728 - DEBUG - multipart.py - Calling on_header_value with data[195:221]
2023-02-11 20:31:14,729 - DEBUG - multipart.py - Calling on_header_end with no data
2023-02-11 20:31:14,729 - DEBUG - multipart.py - Calling on_headers_finished with no data
2023-02-11 20:31:14,729 - DEBUG - multipart.py - Calling on_part_data with data[225:230]
2023-02-11 20:31:14,729 - DEBUG - multipart.py - Calling on_part_end with no data
2023-02-11 20:31:14,729 - DEBUG - multipart.py - Calling on_end with no data
2023-02-11 20:31:14,771 - INFO - base.py - select pg_catalog.version()
2023-02-11 20:31:14,772 - INFO - base.py - [raw sql] {}
2023-02-11 20:31:14,773 - INFO - base.py - select current_schema()
2023-02-11 20:31:14,773 - INFO - base.py - [raw sql] {}
2023-02-11 20:31:14,774 - INFO - base.py - show standard_conforming_strings
2023-02-11 20:31:14,774 - INFO - base.py - [raw sql] {}
2023-02-11 20:31:14,776 - INFO - base.py - BEGIN (implicit)
2023-02-11 20:31:14,779 - INFO - base.py - SELECT customer.id AS customer_id, customer.firstname AS customer_firstname, customer.lastname AS customer_lastname, customer.email AS customer_email, customer.password AS customer_password, customer.created_at AS customer_created_at 
FROM customer 
WHERE customer.email = %(email_1)s 
 LIMIT %(param_1)s
2023-02-11 20:31:14,779 - INFO - base.py - [generated in 0.00041s] {'email_1': 'hello@tcd.ie1', 'param_1': 1}
2023-02-11 20:31:14,781 - INFO - base.py - ROLLBACK
2023-02-11 20:31:19,341 - DEBUG - multipart.py - Calling on_part_begin with no data
2023-02-11 20:31:19,341 - DEBUG - multipart.py - Calling on_header_field with data[54:73]
2023-02-11 20:31:19,341 - DEBUG - multipart.py - Calling on_header_value with data[75:101]
2023-02-11 20:31:19,341 - DEBUG - multipart.py - Calling on_header_end with no data
2023-02-11 20:31:19,341 - DEBUG - multipart.py - Calling on_headers_finished with no data
2023-02-11 20:31:19,341 - DEBUG - multipart.py - Calling on_part_data with data[105:117]
2023-02-11 20:31:19,342 - DEBUG - multipart.py - Calling on_part_end with no data
2023-02-11 20:31:19,342 - DEBUG - multipart.py - Calling on_part_begin with no data
2023-02-11 20:31:19,342 - DEBUG - multipart.py - Calling on_header_field with data[173:192]
2023-02-11 20:31:19,342 - DEBUG - multipart.py - Calling on_header_value with data[194:220]
2023-02-11 20:31:19,342 - DEBUG - multipart.py - Calling on_header_end with no data
2023-02-11 20:31:19,342 - DEBUG - multipart.py - Calling on_headers_finished with no data
2023-02-11 20:31:19,342 - DEBUG - multipart.py - Calling on_part_data with data[224:229]
2023-02-11 20:31:19,342 - DEBUG - multipart.py - Calling on_part_end with no data
2023-02-11 20:31:19,342 - DEBUG - multipart.py - Calling on_end with no data
2023-02-11 20:31:19,343 - INFO - base.py - BEGIN (implicit)
2023-02-11 20:31:19,344 - INFO - base.py - SELECT customer.id AS customer_id, customer.firstname AS customer_firstname, customer.lastname AS customer_lastname, customer.email AS customer_email, customer.password AS customer_password, customer.created_at AS customer_created_at 
FROM customer 
WHERE customer.email = %(email_1)s 
 LIMIT %(param_1)s
2023-02-11 20:31:19,344 - INFO - base.py - [cached since 4.565s ago] {'email_1': 'hello@tcd.ie', 'param_1': 1}
2023-02-11 20:31:19,345 - DEBUG - bcrypt.py - detected 'bcrypt' backend, version '4.0.1'
2023-02-11 20:31:19,346 - DEBUG - bcrypt.py - 'bcrypt' backend lacks $2$ support, enabling workaround
2023-02-11 20:31:19,634 - INFO - base.py - ROLLBACK
2023-02-11 20:31:54,667 - DEBUG - multipart.py - Calling on_part_begin with no data
2023-02-11 20:31:54,667 - DEBUG - multipart.py - Calling on_header_field with data[54:73]
2023-02-11 20:31:54,667 - DEBUG - multipart.py - Calling on_header_value with data[75:101]
2023-02-11 20:31:54,668 - DEBUG - multipart.py - Calling on_header_end with no data
2023-02-11 20:31:54,668 - DEBUG - multipart.py - Calling on_headers_finished with no data
2023-02-11 20:31:54,668 - DEBUG - multipart.py - Calling on_part_data with data[105:117]
2023-02-11 20:31:54,668 - DEBUG - multipart.py - Calling on_part_end with no data
2023-02-11 20:31:54,668 - DEBUG - multipart.py - Calling on_part_begin with no data
2023-02-11 20:31:54,668 - DEBUG - multipart.py - Calling on_header_field with data[173:192]
2023-02-11 20:31:54,668 - DEBUG - multipart.py - Calling on_header_value with data[194:220]
2023-02-11 20:31:54,669 - DEBUG - multipart.py - Calling on_header_end with no data
2023-02-11 20:31:54,669 - DEBUG - multipart.py - Calling on_headers_finished with no data
2023-02-11 20:31:54,669 - DEBUG - multipart.py - Calling on_part_data with data[224:232]
2023-02-11 20:31:54,669 - DEBUG - multipart.py - Calling on_part_end with no data
2023-02-11 20:31:54,669 - DEBUG - multipart.py - Calling on_end with no data
2023-02-11 20:31:54,672 - INFO - base.py - BEGIN (implicit)
2023-02-11 20:31:54,672 - INFO - base.py - SELECT customer.id AS customer_id, customer.firstname AS customer_firstname, customer.lastname AS customer_lastname, customer.email AS customer_email, customer.password AS customer_password, customer.created_at AS customer_created_at 
FROM customer 
WHERE customer.email = %(email_1)s 
 LIMIT %(param_1)s
2023-02-11 20:31:54,672 - INFO - base.py - [cached since 39.89s ago] {'email_1': 'hello@tcd.ie', 'param_1': 1}
2023-02-11 20:31:54,934 - INFO - base.py - ROLLBACK
2023-02-11 20:41:46,588 - INFO - main.py - Login service started
2023-02-11 20:42:37,192 - INFO - main.py - Login service started
2023-02-11 20:42:42,610 - DEBUG - multipart.py - Calling on_part_begin with no data
2023-02-11 20:42:42,610 - DEBUG - multipart.py - Calling on_header_field with data[54:73]
2023-02-11 20:42:42,610 - DEBUG - multipart.py - Calling on_header_value with data[75:101]
2023-02-11 20:42:42,610 - DEBUG - multipart.py - Calling on_header_end with no data
2023-02-11 20:42:42,610 - DEBUG - multipart.py - Calling on_headers_finished with no data
2023-02-11 20:42:42,611 - DEBUG - multipart.py - Calling on_part_data with data[105:117]
2023-02-11 20:42:42,611 - DEBUG - multipart.py - Calling on_part_end with no data
2023-02-11 20:42:42,611 - DEBUG - multipart.py - Calling on_part_begin with no data
2023-02-11 20:42:42,611 - DEBUG - multipart.py - Calling on_header_field with data[173:192]
2023-02-11 20:42:42,611 - DEBUG - multipart.py - Calling on_header_value with data[194:220]
2023-02-11 20:42:42,611 - DEBUG - multipart.py - Calling on_header_end with no data
2023-02-11 20:42:42,611 - DEBUG - multipart.py - Calling on_headers_finished with no data
2023-02-11 20:42:42,612 - DEBUG - multipart.py - Calling on_part_data with data[224:232]
2023-02-11 20:42:42,612 - DEBUG - multipart.py - Calling on_part_end with no data
2023-02-11 20:42:42,612 - DEBUG - multipart.py - Calling on_end with no data
2023-02-11 20:42:42,652 - INFO - base.py - select pg_catalog.version()
2023-02-11 20:42:42,652 - INFO - base.py - [raw sql] {}
2023-02-11 20:42:42,653 - INFO - base.py - select current_schema()
2023-02-11 20:42:42,653 - INFO - base.py - [raw sql] {}
2023-02-11 20:42:42,654 - INFO - base.py - show standard_conforming_strings
2023-02-11 20:42:42,654 - INFO - base.py - [raw sql] {}
2023-02-11 20:42:42,654 - INFO - base.py - BEGIN (implicit)
2023-02-11 20:42:42,656 - INFO - base.py - SELECT customer.id AS customer_id, customer.firstname AS customer_firstname, customer.lastname AS customer_lastname, customer.email AS customer_email, customer.password AS customer_password, customer.created_at AS customer_created_at 
FROM customer 
WHERE customer.email = %(email_1)s 
 LIMIT %(param_1)s
2023-02-11 20:42:42,656 - INFO - base.py - [generated in 0.00017s] {'email_1': 'hello@tcd.ie', 'param_1': 1}
2023-02-11 20:42:42,659 - DEBUG - bcrypt.py - detected 'bcrypt' backend, version '4.0.1'
2023-02-11 20:42:42,659 - DEBUG - bcrypt.py - 'bcrypt' backend lacks $2$ support, enabling workaround
2023-02-11 20:42:42,918 - INFO - base.py - ROLLBACK
2023-02-11 20:47:27,622 - INFO - main.py - Login service started
2023-02-11 20:47:30,662 - INFO - main.py - Login service started
2023-02-11 20:47:34,359 - DEBUG - multipart.py - Calling on_part_begin with no data
2023-02-11 20:47:34,359 - DEBUG - multipart.py - Calling on_header_field with data[54:73]
2023-02-11 20:47:34,359 - DEBUG - multipart.py - Calling on_header_value with data[75:101]
2023-02-11 20:47:34,359 - DEBUG - multipart.py - Calling on_header_end with no data
2023-02-11 20:47:34,360 - DEBUG - multipart.py - Calling on_headers_finished with no data
2023-02-11 20:47:34,360 - DEBUG - multipart.py - Calling on_part_data with data[105:117]
2023-02-11 20:47:34,360 - DEBUG - multipart.py - Calling on_part_end with no data
2023-02-11 20:47:34,360 - DEBUG - multipart.py - Calling on_part_begin with no data
2023-02-11 20:47:34,360 - DEBUG - multipart.py - Calling on_header_field with data[173:192]
2023-02-11 20:47:34,360 - DEBUG - multipart.py - Calling on_header_value with data[194:220]
2023-02-11 20:47:34,360 - DEBUG - multipart.py - Calling on_header_end with no data
2023-02-11 20:47:34,361 - DEBUG - multipart.py - Calling on_headers_finished with no data
2023-02-11 20:47:34,361 - DEBUG - multipart.py - Calling on_part_data with data[224:232]
2023-02-11 20:47:34,361 - DEBUG - multipart.py - Calling on_part_end with no data
2023-02-11 20:47:34,361 - DEBUG - multipart.py - Calling on_end with no data
2023-02-11 20:47:34,413 - INFO - base.py - select pg_catalog.version()
2023-02-11 20:47:34,413 - INFO - base.py - [raw sql] {}
2023-02-11 20:47:34,414 - INFO - base.py - select current_schema()
2023-02-11 20:47:34,415 - INFO - base.py - [raw sql] {}
2023-02-11 20:47:34,415 - INFO - base.py - show standard_conforming_strings
2023-02-11 20:47:34,415 - INFO - base.py - [raw sql] {}
2023-02-11 20:47:34,415 - INFO - base.py - BEGIN (implicit)
2023-02-11 20:47:34,417 - INFO - base.py - SELECT customer.id AS customer_id, customer.firstname AS customer_firstname, customer.lastname AS customer_lastname, customer.email AS customer_email, customer.password AS customer_password, customer.created_at AS customer_created_at 
FROM customer 
WHERE customer.email = %(email_1)s 
 LIMIT %(param_1)s
2023-02-11 20:47:34,417 - INFO - base.py - [generated in 0.00009s] {'email_1': 'hello@tcd.ie', 'param_1': 1}
2023-02-11 20:47:34,418 - DEBUG - bcrypt.py - detected 'bcrypt' backend, version '4.0.1'
2023-02-11 20:47:34,418 - DEBUG - bcrypt.py - 'bcrypt' backend lacks $2$ support, enabling workaround
2023-02-11 20:47:34,673 - INFO - base.py - ROLLBACK
2023-02-11 20:47:59,793 - INFO - main.py - Login service started
2023-02-11 20:48:02,358 - DEBUG - multipart.py - Calling on_part_begin with no data
2023-02-11 20:48:02,359 - DEBUG - multipart.py - Calling on_header_field with data[54:73]
2023-02-11 20:48:02,359 - DEBUG - multipart.py - Calling on_header_value with data[75:101]
2023-02-11 20:48:02,359 - DEBUG - multipart.py - Calling on_header_end with no data
2023-02-11 20:48:02,359 - DEBUG - multipart.py - Calling on_headers_finished with no data
2023-02-11 20:48:02,359 - DEBUG - multipart.py - Calling on_part_data with data[105:117]
2023-02-11 20:48:02,359 - DEBUG - multipart.py - Calling on_part_end with no data
2023-02-11 20:48:02,359 - DEBUG - multipart.py - Calling on_part_begin with no data
2023-02-11 20:48:02,359 - DEBUG - multipart.py - Calling on_header_field with data[173:192]
2023-02-11 20:48:02,359 - DEBUG - multipart.py - Calling on_header_value with data[194:220]
2023-02-11 20:48:02,359 - DEBUG - multipart.py - Calling on_header_end with no data
2023-02-11 20:48:02,359 - DEBUG - multipart.py - Calling on_headers_finished with no data
2023-02-11 20:48:02,359 - DEBUG - multipart.py - Calling on_part_data with data[224:232]
2023-02-11 20:48:02,359 - DEBUG - multipart.py - Calling on_part_end with no data
2023-02-11 20:48:02,359 - DEBUG - multipart.py - Calling on_end with no data
2023-02-11 20:48:02,401 - INFO - base.py - select pg_catalog.version()
2023-02-11 20:48:02,401 - INFO - base.py - [raw sql] {}
2023-02-11 20:48:02,403 - INFO - base.py - select current_schema()
2023-02-11 20:48:02,404 - INFO - base.py - [raw sql] {}
2023-02-11 20:48:02,405 - INFO - base.py - show standard_conforming_strings
2023-02-11 20:48:02,405 - INFO - base.py - [raw sql] {}
2023-02-11 20:48:02,408 - INFO - base.py - BEGIN (implicit)
2023-02-11 20:48:02,410 - INFO - base.py - SELECT customer.id AS customer_id, customer.firstname AS customer_firstname, customer.lastname AS customer_lastname, customer.email AS customer_email, customer.password AS customer_password, customer.created_at AS customer_created_at 
FROM customer 
WHERE customer.email = %(email_1)s 
 LIMIT %(param_1)s
2023-02-11 20:48:02,410 - INFO - base.py - [generated in 0.00016s] {'email_1': 'hello@tcd.ie', 'param_1': 1}
2023-02-11 20:48:02,412 - DEBUG - bcrypt.py - detected 'bcrypt' backend, version '4.0.1'
2023-02-11 20:48:02,412 - DEBUG - bcrypt.py - 'bcrypt' backend lacks $2$ support, enabling workaround
2023-02-11 20:48:02,676 - INFO - base.py - ROLLBACK
2023-02-11 20:48:15,251 - INFO - main.py - Login service started
2023-02-11 20:48:18,001 - DEBUG - multipart.py - Calling on_part_begin with no data
2023-02-11 20:48:18,001 - DEBUG - multipart.py - Calling on_header_field with data[54:73]
2023-02-11 20:48:18,002 - DEBUG - multipart.py - Calling on_header_value with data[75:101]
2023-02-11 20:48:18,002 - DEBUG - multipart.py - Calling on_header_end with no data
2023-02-11 20:48:18,002 - DEBUG - multipart.py - Calling on_headers_finished with no data
2023-02-11 20:48:18,002 - DEBUG - multipart.py - Calling on_part_data with data[105:117]
2023-02-11 20:48:18,002 - DEBUG - multipart.py - Calling on_part_end with no data
2023-02-11 20:48:18,002 - DEBUG - multipart.py - Calling on_part_begin with no data
2023-02-11 20:48:18,003 - DEBUG - multipart.py - Calling on_header_field with data[173:192]
2023-02-11 20:48:18,003 - DEBUG - multipart.py - Calling on_header_value with data[194:220]
2023-02-11 20:48:18,003 - DEBUG - multipart.py - Calling on_header_end with no data
2023-02-11 20:48:18,003 - DEBUG - multipart.py - Calling on_headers_finished with no data
2023-02-11 20:48:18,003 - DEBUG - multipart.py - Calling on_part_data with data[224:232]
2023-02-11 20:48:18,003 - DEBUG - multipart.py - Calling on_part_end with no data
2023-02-11 20:48:18,003 - DEBUG - multipart.py - Calling on_end with no data
2023-02-11 20:48:18,043 - INFO - base.py - select pg_catalog.version()
2023-02-11 20:48:18,043 - INFO - base.py - [raw sql] {}
2023-02-11 20:48:18,046 - INFO - base.py - select current_schema()
2023-02-11 20:48:18,046 - INFO - base.py - [raw sql] {}
2023-02-11 20:48:18,047 - INFO - base.py - show standard_conforming_strings
2023-02-11 20:48:18,048 - INFO - base.py - [raw sql] {}
2023-02-11 20:48:18,049 - INFO - base.py - BEGIN (implicit)
2023-02-11 20:48:18,052 - INFO - base.py - SELECT customer.id AS customer_id, customer.firstname AS customer_firstname, customer.lastname AS customer_lastname, customer.email AS customer_email, customer.password AS customer_password, customer.created_at AS customer_created_at 
FROM customer 
WHERE customer.email = %(email_1)s 
 LIMIT %(param_1)s
2023-02-11 20:48:18,052 - INFO - base.py - [generated in 0.00020s] {'email_1': 'hello@tcd.ie', 'param_1': 1}
2023-02-11 20:48:18,054 - DEBUG - bcrypt.py - detected 'bcrypt' backend, version '4.0.1'
2023-02-11 20:48:18,055 - DEBUG - bcrypt.py - 'bcrypt' backend lacks $2$ support, enabling workaround
2023-02-11 20:48:18,327 - INFO - base.py - ROLLBACK
2023-02-11 20:48:34,342 - INFO - main.py - Login service started
2023-02-11 20:49:07,257 - INFO - main.py - Login service started
2023-02-11 20:49:23,730 - INFO - main.py - Login service started
2023-02-11 20:49:33,520 - INFO - main.py - Login service started
2023-02-11 20:49:36,023 - INFO - main.py - Login service started
2023-02-11 20:49:37,697 - DEBUG - multipart.py - Calling on_part_begin with no data
2023-02-11 20:49:37,698 - DEBUG - multipart.py - Calling on_header_field with data[54:73]
2023-02-11 20:49:37,698 - DEBUG - multipart.py - Calling on_header_value with data[75:101]
2023-02-11 20:49:37,698 - DEBUG - multipart.py - Calling on_header_end with no data
2023-02-11 20:49:37,698 - DEBUG - multipart.py - Calling on_headers_finished with no data
2023-02-11 20:49:37,698 - DEBUG - multipart.py - Calling on_part_data with data[105:117]
2023-02-11 20:49:37,699 - DEBUG - multipart.py - Calling on_part_end with no data
2023-02-11 20:49:37,699 - DEBUG - multipart.py - Calling on_part_begin with no data
2023-02-11 20:49:37,699 - DEBUG - multipart.py - Calling on_header_field with data[173:192]
2023-02-11 20:49:37,699 - DEBUG - multipart.py - Calling on_header_value with data[194:220]
2023-02-11 20:49:37,699 - DEBUG - multipart.py - Calling on_header_end with no data
2023-02-11 20:49:37,699 - DEBUG - multipart.py - Calling on_headers_finished with no data
2023-02-11 20:49:37,699 - DEBUG - multipart.py - Calling on_part_data with data[224:232]
2023-02-11 20:49:37,700 - DEBUG - multipart.py - Calling on_part_end with no data
2023-02-11 20:49:37,700 - DEBUG - multipart.py - Calling on_end with no data
2023-02-11 20:49:37,748 - INFO - base.py - select pg_catalog.version()
2023-02-11 20:49:37,748 - INFO - base.py - [raw sql] {}
2023-02-11 20:49:37,752 - INFO - base.py - select current_schema()
2023-02-11 20:49:37,752 - INFO - base.py - [raw sql] {}
2023-02-11 20:49:37,753 - INFO - base.py - show standard_conforming_strings
2023-02-11 20:49:37,753 - INFO - base.py - [raw sql] {}
2023-02-11 20:49:37,754 - INFO - base.py - BEGIN (implicit)
2023-02-11 20:49:37,758 - INFO - base.py - SELECT customer.id AS customer_id, customer.firstname AS customer_firstname, customer.lastname AS customer_lastname, customer.email AS customer_email, customer.password AS customer_password, customer.created_at AS customer_created_at 
FROM customer 
WHERE customer.email = %(email_1)s 
 LIMIT %(param_1)s
2023-02-11 20:49:37,759 - INFO - base.py - [generated in 0.00074s] {'email_1': 'hello@tcd.ie', 'param_1': 1}
2023-02-11 20:49:37,762 - DEBUG - bcrypt.py - detected 'bcrypt' backend, version '4.0.1'
2023-02-11 20:49:37,762 - DEBUG - bcrypt.py - 'bcrypt' backend lacks $2$ support, enabling workaround
2023-02-11 20:49:38,038 - INFO - base.py - ROLLBACK
